<?xml version="1.0" encoding="UTF-8"?>
<testng-results skipped="0" failed="0" total="2" passed="2">
  <reporter-output>
  </reporter-output>
  <suite name="Suite" duration-ms="26165" started-at="2020-10-22T04:40:59Z" finished-at="2020-10-22T04:41:25Z">
    <groups>
    </groups>
    <test name="Test" duration-ms="26165" started-at="2020-10-22T04:40:59Z" finished-at="2020-10-22T04:41:25Z">
      <class name="testcases.Login">
        <test-method status="PASS" signature="set()[pri:0, instance:testcases.Login@1c6804cd]" name="set" is-config="true" duration-ms="2532" started-at="2020-10-22T11:41:00Z" finished-at="2020-10-22T11:41:03Z">
          <reporter-output>
          </reporter-output>
        </test-method> <!-- set -->
        <test-method status="PASS" signature="loginPositive(java.lang.String, java.lang.String, java.lang.String)[pri:0, instance:testcases.Login@1c6804cd]" name="loginPositive" duration-ms="11627" started-at="2020-10-22T11:41:03Z" data-provider="dataLogin" finished-at="2020-10-22T11:41:14Z">
          <params>
            <param index="0">
              <value>
                <![CDATA[dikakoko04@gmail.com]]>
              </value>
            </param>
            <param index="1">
              <value>
                <![CDATA[dikakoko]]>
              </value>
            </param>
            <param index="2">
              <value>
                <![CDATA[dikakoko04@gmail.com]]>
              </value>
            </param>
          </params>
          <reporter-output>
          </reporter-output>
        </test-method> <!-- loginPositive -->
        <test-method status="PASS" signature="done(org.testng.ITestResult)[pri:0, instance:testcases.Login@1c6804cd]" name="done" is-config="true" duration-ms="472" started-at="2020-10-22T11:41:14Z" finished-at="2020-10-22T11:41:15Z">
          <params>
            <param index="0">
              <value>
                <![CDATA[[TestResult name=loginPositive status=SUCCESS method=Login.loginPositive(java.lang.String, java.lang.String, java.lang.String)[pri:0, instance:testcases.Login@1c6804cd] output={null}]]]>
              </value>
            </param>
          </params>
          <reporter-output>
          </reporter-output>
        </test-method> <!-- done -->
        <test-method status="PASS" signature="set()[pri:0, instance:testcases.Login@1c6804cd]" name="set" is-config="true" duration-ms="865" started-at="2020-10-22T11:41:15Z" finished-at="2020-10-22T11:41:16Z">
          <reporter-output>
          </reporter-output>
        </test-method> <!-- set -->
        <test-method status="PASS" signature="loginPositive(java.lang.String, java.lang.String, java.lang.String)[pri:0, instance:testcases.Login@1c6804cd]" name="loginPositive" duration-ms="8476" started-at="2020-10-22T11:41:16Z" data-provider="dataLogin" finished-at="2020-10-22T11:41:24Z">
          <params>
            <param index="0">
              <value>
                <![CDATA[082278843303]]>
              </value>
            </param>
            <param index="1">
              <value>
                <![CDATA[dikakoko]]>
              </value>
            </param>
            <param index="2">
              <value>
                <![CDATA[jkt@mailinator.com]]>
              </value>
            </param>
          </params>
          <reporter-output>
          </reporter-output>
        </test-method> <!-- loginPositive -->
        <test-method status="PASS" signature="done(org.testng.ITestResult)[pri:0, instance:testcases.Login@1c6804cd]" name="done" is-config="true" duration-ms="478" started-at="2020-10-22T11:41:24Z" finished-at="2020-10-22T11:41:25Z">
          <params>
            <param index="0">
              <value>
                <![CDATA[[TestResult name=loginPositive status=SUCCESS method=Login.loginPositive(java.lang.String, java.lang.String, java.lang.String)[pri:0, instance:testcases.Login@1c6804cd] output={null}]]]>
              </value>
            </param>
          </params>
          <reporter-output>
          </reporter-output>
        </test-method> <!-- done -->
      </class> <!-- testcases.Login -->
    </test> <!-- Test -->
  </suite> <!-- Suite -->
</testng-results>
