<?xml version="1.0" encoding="UTF-8"?>
<testng-results skipped="0" failed="0" total="2" passed="2">
  <reporter-output>
  </reporter-output>
  <suite name="Default suite" duration-ms="22912" started-at="2020-10-22T04:36:24Z" finished-at="2020-10-22T04:36:47Z">
    <groups>
    </groups>
    <test name="Default test" duration-ms="22912" started-at="2020-10-22T04:36:24Z" finished-at="2020-10-22T04:36:47Z">
      <class name="testcases.Login">
        <test-method status="PASS" signature="set()[pri:0, instance:testcases.Login@5bfa8cc5]" name="set" is-config="true" duration-ms="2364" started-at="2020-10-22T11:36:26Z" finished-at="2020-10-22T11:36:28Z">
          <reporter-output>
          </reporter-output>
        </test-method> <!-- set -->
        <test-method status="PASS" signature="loginPositive(java.lang.String, java.lang.String, java.lang.String)[pri:0, instance:testcases.Login@5bfa8cc5]" name="loginPositive" duration-ms="9356" started-at="2020-10-22T11:36:28Z" data-provider="dataLogin" finished-at="2020-10-22T11:36:38Z">
          <params>
            <param index="0">
              <value>
                <![CDATA[dikakoko04@gmail.com]]>
              </value>
            </param>
            <param index="1">
              <value>
                <![CDATA[dikakoko]]>
              </value>
            </param>
            <param index="2">
              <value>
                <![CDATA[dikakoko04@gmail.com]]>
              </value>
            </param>
          </params>
          <reporter-output>
          </reporter-output>
        </test-method> <!-- loginPositive -->
        <test-method status="PASS" signature="done()[pri:0, instance:testcases.Login@5bfa8cc5]" name="done" is-config="true" duration-ms="106" started-at="2020-10-22T11:36:38Z" finished-at="2020-10-22T11:36:38Z">
          <reporter-output>
          </reporter-output>
        </test-method> <!-- done -->
        <test-method status="PASS" signature="set()[pri:0, instance:testcases.Login@5bfa8cc5]" name="set" is-config="true" duration-ms="727" started-at="2020-10-22T11:36:38Z" finished-at="2020-10-22T11:36:39Z">
          <reporter-output>
          </reporter-output>
        </test-method> <!-- set -->
        <test-method status="PASS" signature="loginPositive(java.lang.String, java.lang.String, java.lang.String)[pri:0, instance:testcases.Login@5bfa8cc5]" name="loginPositive" duration-ms="8461" started-at="2020-10-22T11:36:39Z" data-provider="dataLogin" finished-at="2020-10-22T11:36:47Z">
          <params>
            <param index="0">
              <value>
                <![CDATA[082278843303]]>
              </value>
            </param>
            <param index="1">
              <value>
                <![CDATA[dikakoko]]>
              </value>
            </param>
            <param index="2">
              <value>
                <![CDATA[jkt@mailinator.com]]>
              </value>
            </param>
          </params>
          <reporter-output>
          </reporter-output>
        </test-method> <!-- loginPositive -->
        <test-method status="PASS" signature="done()[pri:0, instance:testcases.Login@5bfa8cc5]" name="done" is-config="true" duration-ms="137" started-at="2020-10-22T11:36:47Z" finished-at="2020-10-22T11:36:47Z">
          <reporter-output>
          </reporter-output>
        </test-method> <!-- done -->
      </class> <!-- testcases.Login -->
    </test> <!-- Default test -->
  </suite> <!-- Default suite -->
</testng-results>
